Note: Environment variable`HF_TOKEN` is set and is the current active token independently from the token you've just configured.
wandb: WARNING If you're specifying your api key in code, ensure this code is not shared publicly.
wandb: WARNING Consider setting the WANDB_API_KEY environment variable, or running `wandb login` from the command line.
wandb: [wandb.login()] Using explicit session credentials for https://api.wandb.ai.
wandb: Appending key for api.wandb.ai to your netrc file: /home/bhaskar/.netrc
wandb: Currently logged in as: va24d (va24d-international-institute-of-information-technology-) to https://api.wandb.ai. Use `wandb login --relogin` to force relogin
wandb: setting up run alrhzxgo
wandb: Tracking run with wandb version 0.25.1
wandb: Run data is saved locally in /tmp/wandb/wandb/run-20260409_110028-alrhzxgo
wandb: Run `wandb offline` to turn off syncing.
wandb: Syncing run gemma3-1b-unlearning-run
wandb: ⭐️ View project at https://wandb.ai/va24d-international-institute-of-information-technology-/INLP-Unlearning
wandb: 🚀 View run at https://wandb.ai/va24d-international-institute-of-information-technology-/INLP-Unlearning/runs/alrhzxgo
Working directory: /home/bhaskar/inlp | ON_KAGGLE=False
Logged in to HuggingFace.
Logged in to W&B.
W&B run initialised.
============================================================
Pre-flight Tests — Enhanced Unlearning Notebook
============================================================
  SWA: applying average of 1 snapshots...
  [PASS] ManualSWA_init_update_apply
  Unfrozen layers: [2, 3] + lm_head | 5 param tensors | LR range [8.50e-05, 1.00e-04]
  [PASS] partial_unfreezing_grad_flags
  Unfrozen layers: [0, 1, 2, 3] + lm_head | 9 param tensors | LR range [6.14e-05, 1.00e-04]
  [PASS] no_duplicate_params_tied_weights
  [PASS] get_batch_logps_shape
  [PASS] npo_loss_finite
  [PASS] graddiff_retain_loss_finite
Enhanced Unlearning | phases=1 | epochs/phase=1 | total_epochs=1
Model layers=4 | SWA starts at step 0/2

── Phase 1/1: unfreezing 2 top layers (2-3) ──
  Unfrozen layers: [2, 3] + lm_head | 5 param tensors | LR range [8.50e-06, 1.00e-05]
  p1 e0 s0 | npo=16.6785 retain=5.7283 total=22.4068
  Phase 1 Epoch 0 done | avg npo=13.8521 retain=5.7685
  SWA: applying average of 1 snapshots...
  [PASS] enhanced_unlearning_smoke
  [PASS] cpu_noop_scaler
  [PASS] amp_device_string
Map (num_proc=2):   0%|          | 0/2 [00:00<?, ? examples/s]Map (num_proc=2):  50%|█████     | 1/2 [00:00<00:00,  3.01 examples/s]Map (num_proc=2): 100%|██████████| 2/2 [00:00<00:00,  3.95 examples/s]Map (num_proc=2): 100%|██████████| 2/2 [00:00<00:00,  3.27 examples/s]
Map (num_proc=2):   0%|          | 0/2 [00:00<?, ? examples/s]Map (num_proc=2): 100%|██████████| 2/2 [00:00<00:00, 16.79 examples/s]
`torch_dtype` is deprecated! Use `dtype` instead!
  Chunked → 4 blocks of 16 tokens.
  [PASS] tokenize_dataset_basic
============================================================
Results: 10 passed, 0 failed
All tests passed — safe to run on Kaggle.
============================================================
Experiment=rw12b015 | ckpt=models_enhanced/enhanced_unlearned_rw12b015 | retrain=True | requantize=False | skip_full_eval=True
HP: phases=2, epochs/phase=1, start_layers=6, unfreeze/phase=4, base_lr=1e-05, lr_decay=0.85, grad_accum=4, beta=0.15, retain_weight=1.2, use_swa=True, swa_start_frac=0.5, swa_freq=5, max_steps=120
=== Loading resources ===
Loading MUSE-Books dataset...
Loading Raw Text (subset='raw')...
Available 'raw' splits: dict_keys(['retain2', 'forget', 'retain1', 'holdout'])
Loading Knowledge Memorization (subset='knowmem')...
Available 'knowmem' splits: dict_keys(['retain_qa_icl', 'retain_qa', 'forget_qa', 'forget_qa_icl'])
Loaded: 4 forget / 12 retain train samples
Loaded: 100 forget QA / 100 retain QA pairs
QA:  62 forget / 56 retain
Manual QA seeds included: 12 forget + 12 retain
Raw: 4 forget / 12 retain

=== Enhanced Unlearning (NPO + GradDiff + GradualUnfreeze + LayerwiseLR + SWA) ===
Loading Base Model google/gemma-3-1b-it...
Loading weights:   0%|          | 0/340 [00:00<?, ?it/s]Loading weights:   0%|          | 1/340 [00:00<00:38,  8.83it/s]Loading weights:  85%|████████▌ | 290/340 [00:00<00:00, 1611.01it/s]Loading weights: 100%|██████████| 340/340 [00:00<00:00, 1457.10it/s]
Loading reference model (pinned to cuda:0)...
Loading weights:   0%|          | 0/340 [00:00<?, ?it/s]Loading weights:   0%|          | 1/340 [00:00<00:38,  8.75it/s]Loading weights:  86%|████████▌ | 291/340 [00:00<00:00, 1607.44it/s]Loading weights: 100%|██████████| 340/340 [00:00<00:00, 1463.64it/s]
  Chunked → 4053 blocks of 256 tokens.
  Chunked → 728 blocks of 256 tokens.
Enhanced Unlearning | phases=2 | epochs/phase=1 | total_epochs=2
Model layers=26 | SWA starts at step 60/120

── Phase 1/2: unfreezing 6 top layers (20-25) ──
  Unfrozen layers: [20, 21, 22, 23, 24, 25] + lm_head | 79 param tensors | LR range [4.44e-06, 1.00e-05]
/home/bhaskar/aise/venvs/phase2/lib/python3.11/site-packages/torch/utils/checkpoint.py:1399: FutureWarning: `torch.cpu.amp.autocast(args...)` is deprecated. Please use `torch.amp.autocast('cpu', args...)` instead.
  with device_autocast_ctx, torch.cpu.amp.autocast(**cpu_autocast_kwargs), recompute_context:  # type: ignore[attr-defined]
  p1 e0 s0 | npo=9.2420 retain=4.3806 total=14.4987
  p1 e0 s20 | npo=0.0001 retain=4.7439 total=7.5046
  p1 e0 s40 | npo=0.3557 retain=4.4072 total=6.4927
  p1 e0 s60 | npo=2.0936 retain=4.0501 total=6.3168
  p1 e0 s80 | npo=0.0000 retain=4.5525 total=6.0910
  p1 e0 s100 | npo=0.0000 retain=4.3416 total=5.9483
  p1 e0 s120 | npo=0.0000 retain=4.3398 total=5.8691
  p1 e0 s140 | npo=0.0001 retain=3.6776 total=5.8572
  p1 e0 s160 | npo=0.0002 retain=4.3558 total=5.7633
  p1 e0 s180 | npo=0.0000 retain=4.1493 total=5.7387
  p1 e0 s200 | npo=0.0000 retain=4.8173 total=5.7154
  p1 e0 s220 | npo=0.0000 retain=3.7263 total=5.6557
  p1 e0 s240 | npo=0.0000 retain=4.2962 total=5.7140
  p1 e0 s260 | npo=12.9165 retain=3.8426 total=5.8778
  p1 e0 s280 | npo=0.0000 retain=4.1241 total=5.8085
  p1 e0 s300 | npo=0.0088 retain=4.0146 total=5.9709
  p1 e0 s320 | npo=0.0000 retain=3.6208 total=5.9254
  p1 e0 s340 | npo=0.0000 retain=4.3845 total=6.0250
  p1 e0 s360 | npo=0.4577 retain=3.7014 total=5.9747
  p1 e0 s380 | npo=0.0000 retain=3.5578 total=5.9162
  p1 e0 s400 | npo=0.0003 retain=4.1207 total=5.9165
  p1 e0 s420 | npo=0.0000 retain=4.1869 total=5.9316
  p1 e0 s440 | npo=0.0000 retain=3.5080 total=5.8783
  p1 e0 s460 | npo=0.0000 retain=4.3412 total=5.8262
  Reached ENH_MAX_STEPS=120; stopping early.
  Phase 1 Epoch 0 done | avg npo=0.1735 retain=0.9968
  SWA: applying average of 12 snapshots...
Saving enhanced model → models_enhanced/enhanced_unlearned_rw12b015...
Writing model shards:   0%|          | 0/1 [00:00<?, ?it/s]Writing model shards: 100%|██████████| 1/1 [00:01<00:00,  1.63s/it]Writing model shards: 100%|██████████| 1/1 [00:01<00:00,  1.63s/it]
wandb: updating run metadata
wandb: uploading wandb-summary.json; uploading config.yaml; uploading output.log
wandb: uploading summary, console lines 84-90
wandb: 🚀 View run gemma3-1b-unlearning-run at: https://wandb.ai/va24d-international-institute-of-information-technology-/INLP-Unlearning/runs/alrhzxgo
wandb: ⭐️ View project at: https://wandb.ai/va24d-international-institute-of-information-technology-/INLP-Unlearning
wandb: Synced 5 W&B file(s), 0 media file(s), 0 artifact file(s) and 0 other file(s)
wandb: Find logs at: /tmp/wandb/wandb/run-20260409_110028-alrhzxgo/logs
SKIP_FULL_EVAL=1 -> saved quick marker CSV -> enhanced_unlearning_results_rw12b015.csv
